[2026-03-27T12:21:40.009Z] gate-eval id=24541095-166e-43b0-b5d6-8e5d5db387ce task=gate-test-healthy lane=BACKYARD status=pass score=91 founderReady=true hardBlockers=[]
[2026-03-27T12:21:40.012Z] gate-eval id=3a975e03-d547-47c5-b86e-3a9785682b47 task=gate-test-no-proof lane=AI_LAB status=fail score=59 founderReady=false hardBlockers=[NO_PREVIEW_PROOF]
[2026-03-27T12:21:40.013Z] gate-eval id=acb359ee-4856-421c-be70-fa697d47b99b task=gate-test-placeholder lane=VST status=fail score=67 founderReady=false hardBlockers=[PLACEHOLDER_DETECTED]
[2026-03-27T12:21:40.015Z] gate-eval id=7811bb82-97ee-4396-9ca9-6fef4e0a72ef task=gate-test-no-cta lane=VST status=pass score=93 founderReady=true hardBlockers=[]
[2026-03-27T12:22:24.141Z] gate-eval id=541f3b0a-6102-4dbe-aa0b-384469b93dda task=gate-test-healthy lane=BACKYARD status=pass score=91 founderReady=true hardBlockers=[]
[2026-03-27T12:22:24.143Z] gate-eval id=4ed04e7e-92e7-43a5-8f0f-850df0241e61 task=gate-test-no-proof lane=AI_LAB status=fail score=59 founderReady=false hardBlockers=[NO_PREVIEW_PROOF]
[2026-03-27T12:22:24.144Z] gate-eval id=cd1c7d7b-9c95-4b63-a985-aed8f8448b2a task=gate-test-placeholder lane=VST status=fail score=67 founderReady=false hardBlockers=[PLACEHOLDER_DETECTED]
[2026-03-27T12:22:24.146Z] gate-eval id=9d282eb7-291c-484b-99c5-9f063c752fee task=gate-test-no-cta lane=VST status=pass score=93 founderReady=true hardBlockers=[]
[2026-03-27T12:22:53.419Z] gate-eval id=08810a25-6b89-4ad1-82b7-874a5ddfce32 task=gate-test-healthy lane=BACKYARD status=pass score=91 founderReady=true hardBlockers=[]
[2026-03-27T12:22:53.421Z] gate-eval id=52f6f394-a592-4cf7-88d3-0f434abeb3ef task=gate-test-no-proof lane=AI_LAB status=fail score=59 founderReady=false hardBlockers=[NO_PREVIEW_PROOF]
[2026-03-27T12:22:53.422Z] gate-eval id=25b4f351-bcc1-4b54-b8e3-6b5f148734d7 task=gate-test-placeholder lane=VST status=fail score=67 founderReady=false hardBlockers=[PLACEHOLDER_DETECTED]
[2026-03-27T12:22:53.424Z] gate-eval id=42ee3cb6-101b-487f-93b1-64a419c1e2ee task=gate-test-no-cta lane=VST status=pass score=86 founderReady=true hardBlockers=[]
[2026-03-27T12:22:53.425Z] gate-eval id=c7b6d53c-541e-4d20-bf2d-d44c3e21578f task=gate-test-build-fail lane=AI_LAB status=fail score=64 founderReady=false hardBlockers=[BUILD_FAILED]
[2026-03-27T13:23:36.999Z] gate-eval id=db3d0a36-89ec-437c-b773-3e82c3e53461 task=gate-test-healthy lane=BACKYARD status=pass score=91 founderReady=true hardBlockers=[]
[2026-03-27T13:23:37.001Z] gate-eval id=e9786028-07ac-4fef-884b-20caf08f7d09 task=gate-test-no-proof lane=AI_LAB status=fail score=59 founderReady=false hardBlockers=[NO_PREVIEW_PROOF]
[2026-03-27T13:23:37.002Z] gate-eval id=055c3310-df59-46ea-9bf7-0cf7d06c5ddd task=gate-test-placeholder lane=VST status=fail score=67 founderReady=false hardBlockers=[PLACEHOLDER_DETECTED]
[2026-03-27T13:23:37.004Z] gate-eval id=9f7649be-986c-42ee-8191-5b89a60ab2d1 task=gate-test-no-cta lane=VST status=pass score=86 founderReady=true hardBlockers=[]
[2026-03-27T13:23:37.005Z] gate-eval id=52466926-667c-4c00-a636-da36106c4a8e task=gate-test-build-fail lane=AI_LAB status=fail score=64 founderReady=false hardBlockers=[BUILD_FAILED]
[2026-03-27T13:41:26.525Z] gate-eval id=94d7cc0d-711c-4cea-a3ce-5d51aeb1a3e0 task=pc-mobile-01 lane=AI_LAB status=pass score=92 founderReady=true hardBlockers=[]
[2026-03-27T15:08:04.973Z] gate-eval id=2ff28d52-1855-47a4-a52b-24de09ab0f84 task=gate-test-healthy lane=BACKYARD status=pass score=91 founderReady=true hardBlockers=[]
[2026-03-27T15:08:04.976Z] gate-eval id=de36e2de-12fb-41d4-ae6e-2169a793815d task=gate-test-no-proof lane=AI_LAB status=fail score=59 founderReady=false hardBlockers=[NO_PREVIEW_PROOF]
[2026-03-27T15:08:04.977Z] gate-eval id=5580450a-cd4d-4267-8d99-5290f36d6e9d task=gate-test-placeholder lane=VST status=fail score=67 founderReady=false hardBlockers=[PLACEHOLDER_DETECTED]
[2026-03-27T15:08:04.979Z] gate-eval id=709c2bfb-273c-44b2-86e7-05395c94e616 task=gate-test-no-cta lane=VST status=pass score=86 founderReady=true hardBlockers=[]
[2026-03-27T15:08:04.980Z] gate-eval id=2c93aef2-1afd-4805-8df9-f966e25773a6 task=gate-test-build-fail lane=AI_LAB status=fail score=64 founderReady=false hardBlockers=[BUILD_FAILED]
[2026-03-27T15:31:26.372Z] gate-eval id=bee6cd51-93eb-4c17-b703-5e2d2bbde8be task=gate-test-healthy lane=BACKYARD status=pass score=91 founderReady=true hardBlockers=[]
[2026-03-27T15:31:26.375Z] gate-eval id=f9b5d4f8-1ecd-4e56-81c0-d02278050be4 task=gate-test-no-proof lane=AI_LAB status=fail score=59 founderReady=false hardBlockers=[NO_PREVIEW_PROOF]
[2026-03-27T15:31:26.376Z] gate-eval id=be71d80a-0596-4e94-b24c-a92776d2b8f5 task=gate-test-placeholder lane=VST status=fail score=67 founderReady=false hardBlockers=[PLACEHOLDER_DETECTED]
[2026-03-27T15:31:26.378Z] gate-eval id=eea9f4e8-0a42-4e3b-be9a-08fa4b4434d3 task=gate-test-no-cta lane=VST status=pass score=86 founderReady=true hardBlockers=[]
[2026-03-27T15:31:26.380Z] gate-eval id=509576a9-509d-4e07-84db-94847399f013 task=gate-test-build-fail lane=AI_LAB status=fail score=64 founderReady=false hardBlockers=[BUILD_FAILED]
[2026-03-27T16:20:07.352Z] gate-eval id=17852494-35a8-4f09-9031-31fb3601dde2 task=gate-test-healthy lane=BACKYARD status=pass score=91 founderReady=true hardBlockers=[]
[2026-03-27T16:20:07.355Z] gate-eval id=2adbd720-dd90-4e67-8908-708291968521 task=gate-test-no-proof lane=AI_LAB status=fail score=59 founderReady=false hardBlockers=[NO_PREVIEW_PROOF]
[2026-03-27T16:20:07.356Z] gate-eval id=26db493f-9d85-41f5-bf2e-26be37ca1209 task=gate-test-placeholder lane=VST status=fail score=67 founderReady=false hardBlockers=[PLACEHOLDER_DETECTED]
[2026-03-27T16:20:07.358Z] gate-eval id=cd944d5e-741c-436a-99ff-bc48b3464dde task=gate-test-no-cta lane=VST status=pass score=86 founderReady=true hardBlockers=[]
[2026-03-27T16:20:07.359Z] gate-eval id=34ef3750-0266-4d60-8a5f-73c7a194111d task=gate-test-build-fail lane=AI_LAB status=fail score=64 founderReady=false hardBlockers=[BUILD_FAILED]
[2026-03-27T16:24:26.955Z] gate-eval id=2dc78b2c-5b54-4cb1-adfd-c57eaba38729 task=gen-1774628397639-3637 lane=AI_LAB status=pass score=95 founderReady=true hardBlockers=[]
[2026-03-27T16:24:34.008Z] gate-eval id=94f6922f-cb76-4a1b-a978-149544ad096c task=gate-test-healthy lane=BACKYARD status=pass score=91 founderReady=true hardBlockers=[]
[2026-03-27T16:24:34.009Z] gate-eval id=c4a7b6d0-ee21-4173-aa52-906e60ab7f04 task=gate-test-no-proof lane=AI_LAB status=fail score=59 founderReady=false hardBlockers=[NO_PREVIEW_PROOF]
[2026-03-27T16:24:34.010Z] gate-eval id=6b149e4f-8936-406c-9948-cb7fc2f3c4f6 task=gate-test-placeholder lane=VST status=fail score=67 founderReady=false hardBlockers=[PLACEHOLDER_DETECTED]
[2026-03-27T16:24:34.012Z] gate-eval id=ec4cadd5-4f75-48ff-a073-8b11df062400 task=gate-test-no-cta lane=VST status=pass score=86 founderReady=true hardBlockers=[]
[2026-03-27T16:24:34.014Z] gate-eval id=a2fe4165-cc1a-4daf-960b-7227fdbe4a38 task=gate-test-build-fail lane=AI_LAB status=fail score=64 founderReady=false hardBlockers=[BUILD_FAILED]
[2026-03-27T17:33:00.083Z] gate-eval id=21246496-1589-409d-91da-9590780726ea task=gate-test-healthy lane=BACKYARD status=pass score=91 founderReady=true hardBlockers=[]
[2026-03-27T17:33:00.086Z] gate-eval id=59d70b1a-50ce-4106-9511-468ca6d248fb task=gate-test-no-proof lane=AI_LAB status=fail score=59 founderReady=false hardBlockers=[NO_PREVIEW_PROOF]
[2026-03-27T17:33:00.087Z] gate-eval id=9803ae92-20e6-4176-9269-2dcccc1e7640 task=gate-test-placeholder lane=VST status=fail score=67 founderReady=false hardBlockers=[PLACEHOLDER_DETECTED]
[2026-03-27T17:33:00.090Z] gate-eval id=150b1d9f-4089-4992-b86a-2de3b6351ff4 task=gate-test-no-cta lane=VST status=pass score=86 founderReady=true hardBlockers=[]
[2026-03-27T17:33:00.091Z] gate-eval id=00e81554-bde5-4cf9-a62c-f2bb0ac28079 task=gate-test-build-fail lane=AI_LAB status=fail score=64 founderReady=false hardBlockers=[BUILD_FAILED]
[2026-03-27T17:38:53.807Z] gate-eval id=7a7f36da-cc10-4892-b189-b82ef5d2ae5c task=gate-test-healthy lane=BACKYARD status=pass score=91 founderReady=true hardBlockers=[]
[2026-03-27T17:38:53.808Z] gate-eval id=9fa5c93b-91ee-49ef-baf9-1171cd2a57dc task=gate-test-no-proof lane=AI_LAB status=fail score=59 founderReady=false hardBlockers=[NO_PREVIEW_PROOF]
[2026-03-27T17:38:53.809Z] gate-eval id=cfcbe434-140f-4b6b-92a0-79927d115637 task=gate-test-placeholder lane=VST status=fail score=67 founderReady=false hardBlockers=[PLACEHOLDER_DETECTED]
[2026-03-27T17:38:53.811Z] gate-eval id=73f82ae6-2799-4cd8-b561-dec0d2f8cd35 task=gate-test-no-cta lane=VST status=pass score=86 founderReady=true hardBlockers=[]
[2026-03-27T17:38:53.812Z] gate-eval id=a4174540-a619-48db-8294-de1531f61f80 task=gate-test-build-fail lane=AI_LAB status=fail score=64 founderReady=false hardBlockers=[BUILD_FAILED]
[2026-03-27T17:47:02.205Z] gate-eval id=776479c6-4747-4311-929f-eecc1b8d1311 task=gate-test-healthy lane=BACKYARD status=pass score=91 founderReady=true hardBlockers=[]
[2026-03-27T17:47:02.207Z] gate-eval id=ba5c4182-8335-4a97-b2ae-71a9e03bbe64 task=gate-test-no-proof lane=AI_LAB status=fail score=59 founderReady=false hardBlockers=[NO_PREVIEW_PROOF]
[2026-03-27T17:47:02.208Z] gate-eval id=abdc3d31-bc4e-421e-81ad-49c8dfaf7398 task=gate-test-placeholder lane=VST status=fail score=67 founderReady=false hardBlockers=[PLACEHOLDER_DETECTED]
[2026-03-27T17:47:02.210Z] gate-eval id=e01d17f4-ef93-4f9f-9d52-2080b4b53e71 task=gate-test-no-cta lane=VST status=pass score=86 founderReady=true hardBlockers=[]
[2026-03-27T17:47:02.212Z] gate-eval id=bb514476-3ad9-4155-826d-06d3f1f5e8fe task=gate-test-build-fail lane=AI_LAB status=fail score=64 founderReady=false hardBlockers=[BUILD_FAILED]
[2026-03-27T17:52:16.897Z] gate-eval id=9f5d7471-e0fe-4ee4-84a2-60c98cacb17f task=gate-test-healthy lane=BACKYARD status=pass score=91 founderReady=true hardBlockers=[]
[2026-03-27T17:52:16.898Z] gate-eval id=8b76aa0b-0c92-4f07-95a6-bd6f704a800e task=gate-test-no-proof lane=AI_LAB status=fail score=59 founderReady=false hardBlockers=[NO_PREVIEW_PROOF]
[2026-03-27T17:52:16.899Z] gate-eval id=a278a5fb-7a6e-4482-b8eb-5de3e806e423 task=gate-test-placeholder lane=VST status=fail score=67 founderReady=false hardBlockers=[PLACEHOLDER_DETECTED]
[2026-03-27T17:52:16.901Z] gate-eval id=03b1dfe6-1343-41b2-9e9a-b8fac533bbd5 task=gate-test-no-cta lane=VST status=pass score=86 founderReady=true hardBlockers=[]
[2026-03-27T17:52:16.903Z] gate-eval id=0629ea48-1b66-4a60-9eaf-a55e612b665a task=gate-test-build-fail lane=AI_LAB status=fail score=64 founderReady=false hardBlockers=[BUILD_FAILED]
