[2026-03-27T10:41:20.531Z] policy-update 1dd189ed: allowedTypes: [eval,data] → [eval,data,repo], approvalTypes: [write,repo,transform] → [write,transform], overnightMode: true → true
[2026-03-27T10:41:20.531Z] policy-update e434c3fb: allowedTypes: [eval,data] → [eval,data,transform], approvalTypes: [write,repo,transform] → [write,repo], overnightMode: true → true
[2026-03-27T10:41:20.532Z] policy-update fb2fae6f: allowedTypes: [eval,data] → [eval,data], approvalTypes: [write,repo,transform] → [write,repo,transform], overnightMode: true → true | ERRORS: REJECTED: 'deploy' is in the immutable blocked list and cannot be promoted
[2026-03-27T10:41:20.532Z] policy-update 30139e13: allowedTypes: [eval,data] → [eval,data], approvalTypes: [write,repo,transform] → [write,repo,transform], overnightMode: true → true | ERRORS: REJECTED: 'notify' is in the immutable blocked list and cannot be promoted
[2026-03-27T10:41:20.532Z] policy-update 223a34f6: allowedTypes: [eval,data] → [eval,data], approvalTypes: [write,repo,transform] → [write,repo,transform], overnightMode: true → true | ERRORS: REJECTED: 'mystery_xyz' is not in approvalTypes — nothing to promote
[2026-03-27T10:41:20.533Z] policy-update 722efe59: allowedTypes: [eval,data] → [data], approvalTypes: [write,repo,transform] → [write,repo,transform,eval], overnightMode: true → true
[2026-03-27T10:41:20.533Z] policy-update cca31929: allowedTypes: [eval,data] → [eval,data,repo], approvalTypes: [write,repo,transform] → [write,transform], overnightMode: true → true
[2026-03-27T11:40:33.761Z] policy-update b829dc38: allowedTypes: [eval,data] → [eval,data,repo], approvalTypes: [write,repo,transform] → [write,transform], overnightMode: true → true
[2026-03-27T11:40:33.762Z] policy-update 50d02769: allowedTypes: [eval,data] → [eval,data,transform], approvalTypes: [write,repo,transform] → [write,repo], overnightMode: true → true
[2026-03-27T11:40:33.762Z] policy-update 0e4a958f: allowedTypes: [eval,data] → [eval,data], approvalTypes: [write,repo,transform] → [write,repo,transform], overnightMode: true → true | ERRORS: REJECTED: 'deploy' is in the immutable blocked list and cannot be promoted
[2026-03-27T11:40:33.762Z] policy-update a5591793: allowedTypes: [eval,data] → [eval,data], approvalTypes: [write,repo,transform] → [write,repo,transform], overnightMode: true → true | ERRORS: REJECTED: 'notify' is in the immutable blocked list and cannot be promoted
[2026-03-27T11:40:33.763Z] policy-update 651b3c38: allowedTypes: [eval,data] → [eval,data], approvalTypes: [write,repo,transform] → [write,repo,transform], overnightMode: true → true | ERRORS: REJECTED: 'mystery_xyz' is not in approvalTypes — nothing to promote
[2026-03-27T11:40:33.763Z] policy-update 1e5d257f: allowedTypes: [eval,data] → [data], approvalTypes: [write,repo,transform] → [write,repo,transform,eval], overnightMode: true → true
[2026-03-27T11:40:33.764Z] policy-update 9d13c911: allowedTypes: [eval,data] → [eval,data,repo], approvalTypes: [write,repo,transform] → [write,transform], overnightMode: true → true
[2026-03-27T11:40:46.712Z] policy-update c092363c: allowedTypes: [eval,data] → [eval,data,repo], approvalTypes: [write,repo,transform] → [write,transform], overnightMode: true → true
[2026-03-27T11:41:10.536Z] policy-update d034a064: allowedTypes: [eval,data] → [eval,data,repo], approvalTypes: [write,repo,transform] → [write,transform], overnightMode: true → true
[2026-03-27T11:53:01.981Z] policy-update 2758e43f: allowedTypes: [eval,data] → [eval,data,repo], approvalTypes: [write,repo,transform] → [write,transform], overnightMode: true → true
[2026-03-27T11:53:01.982Z] policy-update 4f05c400: allowedTypes: [eval,data] → [eval,data,transform], approvalTypes: [write,repo,transform] → [write,repo], overnightMode: true → true
[2026-03-27T11:53:01.983Z] policy-update 403e4d18: allowedTypes: [eval,data] → [eval,data], approvalTypes: [write,repo,transform] → [write,repo,transform], overnightMode: true → true | ERRORS: REJECTED: 'deploy' is in the immutable blocked list and cannot be promoted
[2026-03-27T11:53:01.983Z] policy-update b4aeb16f: allowedTypes: [eval,data] → [eval,data], approvalTypes: [write,repo,transform] → [write,repo,transform], overnightMode: true → true | ERRORS: REJECTED: 'notify' is in the immutable blocked list and cannot be promoted
[2026-03-27T11:53:01.984Z] policy-update 2212ca58: allowedTypes: [eval,data] → [eval,data], approvalTypes: [write,repo,transform] → [write,repo,transform], overnightMode: true → true | ERRORS: REJECTED: 'mystery_xyz' is not in approvalTypes — nothing to promote
[2026-03-27T11:53:01.984Z] policy-update ee7642fa: allowedTypes: [eval,data] → [data], approvalTypes: [write,repo,transform] → [write,repo,transform,eval], overnightMode: true → true
[2026-03-27T11:53:01.985Z] policy-update ccc443c6: allowedTypes: [eval,data] → [eval,data,repo], approvalTypes: [write,repo,transform] → [write,transform], overnightMode: true → true
[2026-03-27T11:53:01.988Z] policy-update af24de79: allowedTypes: [eval,data] → [eval,data,write], approvalTypes: [write,repo,transform] → [repo,transform], overnightMode: true → true
[2026-03-27T11:53:23.395Z] policy-update 2d7deb96: allowedTypes: [eval,data] → [eval,data,repo], approvalTypes: [write,repo,transform] → [write,transform], overnightMode: true → true
[2026-03-27T11:53:23.395Z] policy-update e3588b19: allowedTypes: [eval,data] → [eval,data,transform], approvalTypes: [write,repo,transform] → [write,repo], overnightMode: true → true
[2026-03-27T11:53:23.395Z] policy-update a1a75cca: allowedTypes: [eval,data] → [eval,data], approvalTypes: [write,repo,transform] → [write,repo,transform], overnightMode: true → true | ERRORS: REJECTED: 'deploy' is in the immutable blocked list and cannot be promoted
[2026-03-27T11:53:23.396Z] policy-update 305f50a2: allowedTypes: [eval,data] → [eval,data], approvalTypes: [write,repo,transform] → [write,repo,transform], overnightMode: true → true | ERRORS: REJECTED: 'notify' is in the immutable blocked list and cannot be promoted
[2026-03-27T11:53:23.396Z] policy-update 2b8e4fbf: allowedTypes: [eval,data] → [eval,data], approvalTypes: [write,repo,transform] → [write,repo,transform], overnightMode: true → true | ERRORS: REJECTED: 'mystery_xyz' is not in approvalTypes — nothing to promote
[2026-03-27T11:53:23.397Z] policy-update df134120: allowedTypes: [eval,data] → [data], approvalTypes: [write,repo,transform] → [write,repo,transform,eval], overnightMode: true → true
[2026-03-27T11:53:23.398Z] policy-update a32ed9c7: allowedTypes: [eval,data] → [eval,data,repo], approvalTypes: [write,repo,transform] → [write,transform], overnightMode: true → true
[2026-03-27T11:53:23.400Z] policy-update 560e5c26: allowedTypes: [eval,data] → [eval,data,write], approvalTypes: [write,repo,transform] → [repo,transform], overnightMode: true → true
[2026-03-27T11:53:23.968Z] policy-update b8b6406f: allowedTypes: [eval,data] → [eval,data,repo], approvalTypes: [write,repo,transform] → [write,transform], overnightMode: true → true
[2026-03-27T11:54:20.691Z] policy-update 6f551006: allowedTypes: [eval,data] → [eval,data,write], approvalTypes: [write,repo,transform] → [repo,transform], overnightMode: true → true
[2026-03-27T12:01:52.239Z] policy-update 6b0fb251: allowedTypes: [eval,data] → [eval,data,repo], approvalTypes: [write,repo,transform] → [write,transform], overnightMode: true → true
[2026-03-27T12:01:52.240Z] policy-update cb5ee280: allowedTypes: [eval,data] → [eval,data,transform], approvalTypes: [write,repo,transform] → [write,repo], overnightMode: true → true
[2026-03-27T12:01:52.241Z] policy-update cb04b659: allowedTypes: [eval,data] → [eval,data], approvalTypes: [write,repo,transform] → [write,repo,transform], overnightMode: true → true | ERRORS: REJECTED: 'deploy' is in the immutable blocked list and cannot be promoted
[2026-03-27T12:01:52.243Z] policy-update 2e89d7e9: allowedTypes: [eval,data] → [eval,data], approvalTypes: [write,repo,transform] → [write,repo,transform], overnightMode: true → true | ERRORS: REJECTED: 'notify' is in the immutable blocked list and cannot be promoted
[2026-03-27T12:01:52.244Z] policy-update 491fde9e: allowedTypes: [eval,data] → [eval,data], approvalTypes: [write,repo,transform] → [write,repo,transform], overnightMode: true → true | ERRORS: REJECTED: 'mystery_xyz' is not in approvalTypes — nothing to promote
[2026-03-27T12:01:52.245Z] policy-update e86d566d: allowedTypes: [eval,data] → [data], approvalTypes: [write,repo,transform] → [write,repo,transform,eval], overnightMode: true → true
[2026-03-27T12:01:52.247Z] policy-update c33fed58: allowedTypes: [eval,data] → [eval,data,repo], approvalTypes: [write,repo,transform] → [write,transform], overnightMode: true → true
[2026-03-27T12:01:52.254Z] policy-update 975b3a0b: allowedTypes: [eval,data] → [eval,data,write], approvalTypes: [write,repo,transform] → [repo,transform], overnightMode: true → true
[2026-03-27T12:01:52.830Z] policy-update 6f8380d5: allowedTypes: [eval,data] → [eval,data,repo], approvalTypes: [write,repo,transform] → [write,transform], overnightMode: true → true
[2026-03-27T12:02:14.501Z] policy-update dc92d7ee: allowedTypes: [eval,data] → [eval,data,transform], approvalTypes: [write,repo,transform] → [write,repo], overnightMode: true → true
[2026-03-27T12:21:37.407Z] policy-update 7b732eb3: allowedTypes: [eval,data] → [eval,data,repo], approvalTypes: [write,repo,transform] → [write,transform], overnightMode: true → true
[2026-03-27T12:21:37.408Z] policy-update 183d31fe: allowedTypes: [eval,data] → [eval,data,transform], approvalTypes: [write,repo,transform] → [write,repo], overnightMode: true → true
[2026-03-27T12:21:37.408Z] policy-update 3242a3b6: allowedTypes: [eval,data] → [eval,data], approvalTypes: [write,repo,transform] → [write,repo,transform], overnightMode: true → true | ERRORS: REJECTED: 'deploy' is in the immutable blocked list and cannot be promoted
[2026-03-27T12:21:37.409Z] policy-update a1076b1c: allowedTypes: [eval,data] → [eval,data], approvalTypes: [write,repo,transform] → [write,repo,transform], overnightMode: true → true | ERRORS: REJECTED: 'notify' is in the immutable blocked list and cannot be promoted
[2026-03-27T12:21:37.409Z] policy-update 00b258ba: allowedTypes: [eval,data] → [eval,data], approvalTypes: [write,repo,transform] → [write,repo,transform], overnightMode: true → true | ERRORS: REJECTED: 'mystery_xyz' is not in approvalTypes — nothing to promote
[2026-03-27T12:21:37.410Z] policy-update 63028c02: allowedTypes: [eval,data] → [data], approvalTypes: [write,repo,transform] → [write,repo,transform,eval], overnightMode: true → true
[2026-03-27T12:21:37.410Z] policy-update e083b29b: allowedTypes: [eval,data] → [eval,data,repo], approvalTypes: [write,repo,transform] → [write,transform], overnightMode: true → true
[2026-03-27T12:21:37.413Z] policy-update f1ae2b50: allowedTypes: [eval,data] → [eval,data,write], approvalTypes: [write,repo,transform] → [repo,transform], overnightMode: true → true
[2026-03-27T12:21:37.982Z] policy-update a684a8e5: allowedTypes: [eval,data] → [eval,data,repo], approvalTypes: [write,repo,transform] → [write,transform], overnightMode: true → true
[2026-03-27T12:22:21.541Z] policy-update 8f2b68fc: allowedTypes: [eval,data] → [eval,data,repo], approvalTypes: [write,repo,transform] → [write,transform], overnightMode: true → true
[2026-03-27T12:22:21.541Z] policy-update 166bcaa5: allowedTypes: [eval,data] → [eval,data,transform], approvalTypes: [write,repo,transform] → [write,repo], overnightMode: true → true
[2026-03-27T12:22:21.542Z] policy-update 461f8b83: allowedTypes: [eval,data] → [eval,data], approvalTypes: [write,repo,transform] → [write,repo,transform], overnightMode: true → true | ERRORS: REJECTED: 'deploy' is in the immutable blocked list and cannot be promoted
[2026-03-27T12:22:21.542Z] policy-update f4251697: allowedTypes: [eval,data] → [eval,data], approvalTypes: [write,repo,transform] → [write,repo,transform], overnightMode: true → true | ERRORS: REJECTED: 'notify' is in the immutable blocked list and cannot be promoted
[2026-03-27T12:22:21.543Z] policy-update 87e5d9b1: allowedTypes: [eval,data] → [eval,data], approvalTypes: [write,repo,transform] → [write,repo,transform], overnightMode: true → true | ERRORS: REJECTED: 'mystery_xyz' is not in approvalTypes — nothing to promote
[2026-03-27T12:22:21.543Z] policy-update bc3d7768: allowedTypes: [eval,data] → [data], approvalTypes: [write,repo,transform] → [write,repo,transform,eval], overnightMode: true → true
[2026-03-27T12:22:21.544Z] policy-update bec88050: allowedTypes: [eval,data] → [eval,data,repo], approvalTypes: [write,repo,transform] → [write,transform], overnightMode: true → true
[2026-03-27T12:22:21.546Z] policy-update e4b5baea: allowedTypes: [eval,data] → [eval,data,write], approvalTypes: [write,repo,transform] → [repo,transform], overnightMode: true → true
[2026-03-27T12:22:22.114Z] policy-update cdd4439e: allowedTypes: [eval,data] → [eval,data,repo], approvalTypes: [write,repo,transform] → [write,transform], overnightMode: true → true
[2026-03-27T12:22:50.816Z] policy-update f3423e8b: allowedTypes: [eval,data] → [eval,data,repo], approvalTypes: [write,repo,transform] → [write,transform], overnightMode: true → true
[2026-03-27T12:22:50.816Z] policy-update 53d69ecc: allowedTypes: [eval,data] → [eval,data,transform], approvalTypes: [write,repo,transform] → [write,repo], overnightMode: true → true
[2026-03-27T12:22:50.816Z] policy-update a80d17ee: allowedTypes: [eval,data] → [eval,data], approvalTypes: [write,repo,transform] → [write,repo,transform], overnightMode: true → true | ERRORS: REJECTED: 'deploy' is in the immutable blocked list and cannot be promoted
[2026-03-27T12:22:50.817Z] policy-update b4a3a429: allowedTypes: [eval,data] → [eval,data], approvalTypes: [write,repo,transform] → [write,repo,transform], overnightMode: true → true | ERRORS: REJECTED: 'notify' is in the immutable blocked list and cannot be promoted
[2026-03-27T12:22:50.817Z] policy-update 7605d26f: allowedTypes: [eval,data] → [eval,data], approvalTypes: [write,repo,transform] → [write,repo,transform], overnightMode: true → true | ERRORS: REJECTED: 'mystery_xyz' is not in approvalTypes — nothing to promote
[2026-03-27T12:22:50.818Z] policy-update f46e3462: allowedTypes: [eval,data] → [data], approvalTypes: [write,repo,transform] → [write,repo,transform,eval], overnightMode: true → true
[2026-03-27T12:22:50.819Z] policy-update 7fe226ac: allowedTypes: [eval,data] → [eval,data,repo], approvalTypes: [write,repo,transform] → [write,transform], overnightMode: true → true
[2026-03-27T12:22:50.821Z] policy-update 5b78dd01: allowedTypes: [eval,data] → [eval,data,write], approvalTypes: [write,repo,transform] → [repo,transform], overnightMode: true → true
[2026-03-27T12:22:51.392Z] policy-update e3ab1813: allowedTypes: [eval,data] → [eval,data,repo], approvalTypes: [write,repo,transform] → [write,transform], overnightMode: true → true
[2026-03-27T12:37:55.813Z] policy-update f58460a8: allowedTypes: [eval,data] → [eval,data,write], approvalTypes: [write,repo,transform] → [repo,transform], overnightMode: true → true
[2026-03-27T12:38:17.995Z] policy-update 4354f2f3: allowedTypes: [eval,data,write] → [eval,data,write], approvalTypes: [repo,transform] → [repo,transform], overnightMode: true → true | ERRORS: REJECTED: 'write' is not in approvalTypes — nothing to promote
[2026-03-27T13:23:21.854Z] policy-update 14acc9c5: allowedTypes: [eval,data] → [eval,data,transform], approvalTypes: [write,repo,transform] → [write,repo], overnightMode: true → true
[2026-03-27T13:23:34.391Z] policy-update be00a4a0: allowedTypes: [eval,data] → [eval,data,repo], approvalTypes: [write,repo,transform] → [write,transform], overnightMode: true → true
[2026-03-27T13:23:34.391Z] policy-update e2e5510a: allowedTypes: [eval,data] → [eval,data,transform], approvalTypes: [write,repo,transform] → [write,repo], overnightMode: true → true
[2026-03-27T13:23:34.392Z] policy-update f3905a00: allowedTypes: [eval,data] → [eval,data], approvalTypes: [write,repo,transform] → [write,repo,transform], overnightMode: true → true | ERRORS: REJECTED: 'deploy' is in the immutable blocked list and cannot be promoted
[2026-03-27T13:23:34.392Z] policy-update af247494: allowedTypes: [eval,data] → [eval,data], approvalTypes: [write,repo,transform] → [write,repo,transform], overnightMode: true → true | ERRORS: REJECTED: 'notify' is in the immutable blocked list and cannot be promoted
[2026-03-27T13:23:34.393Z] policy-update 23c08c89: allowedTypes: [eval,data] → [eval,data], approvalTypes: [write,repo,transform] → [write,repo,transform], overnightMode: true → true | ERRORS: REJECTED: 'mystery_xyz' is not in approvalTypes — nothing to promote
[2026-03-27T13:23:34.393Z] policy-update 6df00efa: allowedTypes: [eval,data] → [data], approvalTypes: [write,repo,transform] → [write,repo,transform,eval], overnightMode: true → true
[2026-03-27T13:23:34.394Z] policy-update 0a41a404: allowedTypes: [eval,data] → [eval,data,repo], approvalTypes: [write,repo,transform] → [write,transform], overnightMode: true → true
[2026-03-27T13:23:34.396Z] policy-update c2839523: allowedTypes: [eval,data] → [eval,data,write], approvalTypes: [write,repo,transform] → [repo,transform], overnightMode: true → true
[2026-03-27T13:23:34.965Z] policy-update 9d44d32c: allowedTypes: [eval,data] → [eval,data,repo], approvalTypes: [write,repo,transform] → [write,transform], overnightMode: true → true
[2026-03-27T15:07:56.033Z] policy-update 5fc302b1: allowedTypes: [eval,data] → [eval,data,transform], approvalTypes: [write,repo,transform] → [write,repo], overnightMode: true → true
[2026-03-27T15:08:02.384Z] policy-update f6acafe1: allowedTypes: [eval,data] → [eval,data,repo], approvalTypes: [write,repo,transform] → [write,transform], overnightMode: true → true
[2026-03-27T15:08:02.384Z] policy-update a7800c40: allowedTypes: [eval,data] → [eval,data,transform], approvalTypes: [write,repo,transform] → [write,repo], overnightMode: true → true
[2026-03-27T15:08:02.385Z] policy-update 353cf33d: allowedTypes: [eval,data] → [eval,data], approvalTypes: [write,repo,transform] → [write,repo,transform], overnightMode: true → true | ERRORS: REJECTED: 'deploy' is in the immutable blocked list and cannot be promoted
[2026-03-27T15:08:02.385Z] policy-update c274d8cf: allowedTypes: [eval,data] → [eval,data], approvalTypes: [write,repo,transform] → [write,repo,transform], overnightMode: true → true | ERRORS: REJECTED: 'notify' is in the immutable blocked list and cannot be promoted
[2026-03-27T15:08:02.385Z] policy-update d9d15d23: allowedTypes: [eval,data] → [eval,data], approvalTypes: [write,repo,transform] → [write,repo,transform], overnightMode: true → true | ERRORS: REJECTED: 'mystery_xyz' is not in approvalTypes — nothing to promote
[2026-03-27T15:08:02.386Z] policy-update f727cdfe: allowedTypes: [eval,data] → [data], approvalTypes: [write,repo,transform] → [write,repo,transform,eval], overnightMode: true → true
[2026-03-27T15:08:02.386Z] policy-update 0cd4730d: allowedTypes: [eval,data] → [eval,data,repo], approvalTypes: [write,repo,transform] → [write,transform], overnightMode: true → true
[2026-03-27T15:08:02.388Z] policy-update 06919733: allowedTypes: [eval,data] → [eval,data,write], approvalTypes: [write,repo,transform] → [repo,transform], overnightMode: true → true
[2026-03-27T15:08:02.955Z] policy-update 223650a7: allowedTypes: [eval,data] → [eval,data,repo], approvalTypes: [write,repo,transform] → [write,transform], overnightMode: true → true
[2026-03-27T15:31:15.518Z] policy-update 4f13bc34: allowedTypes: [eval,data] → [eval,data,transform], approvalTypes: [write,repo,transform] → [write,repo], overnightMode: true → true
[2026-03-27T15:31:23.769Z] policy-update e64b31c8: allowedTypes: [eval,data] → [eval,data,repo], approvalTypes: [write,repo,transform] → [write,transform], overnightMode: true → true
[2026-03-27T15:31:23.769Z] policy-update 4d185e31: allowedTypes: [eval,data] → [eval,data,transform], approvalTypes: [write,repo,transform] → [write,repo], overnightMode: true → true
[2026-03-27T15:31:23.770Z] policy-update 6e9b3fbb: allowedTypes: [eval,data] → [eval,data], approvalTypes: [write,repo,transform] → [write,repo,transform], overnightMode: true → true | ERRORS: REJECTED: 'deploy' is in the immutable blocked list and cannot be promoted
[2026-03-27T15:31:23.771Z] policy-update 2503a07b: allowedTypes: [eval,data] → [eval,data], approvalTypes: [write,repo,transform] → [write,repo,transform], overnightMode: true → true | ERRORS: REJECTED: 'notify' is in the immutable blocked list and cannot be promoted
[2026-03-27T15:31:23.771Z] policy-update dbd7bf36: allowedTypes: [eval,data] → [eval,data], approvalTypes: [write,repo,transform] → [write,repo,transform], overnightMode: true → true | ERRORS: REJECTED: 'mystery_xyz' is not in approvalTypes — nothing to promote
[2026-03-27T15:31:23.771Z] policy-update ead8cf3a: allowedTypes: [eval,data] → [data], approvalTypes: [write,repo,transform] → [write,repo,transform,eval], overnightMode: true → true
[2026-03-27T15:31:23.772Z] policy-update a3b87fdc: allowedTypes: [eval,data] → [eval,data,repo], approvalTypes: [write,repo,transform] → [write,transform], overnightMode: true → true
[2026-03-27T15:31:23.775Z] policy-update ebac29c2: allowedTypes: [eval,data] → [eval,data,write], approvalTypes: [write,repo,transform] → [repo,transform], overnightMode: true → true
[2026-03-27T15:31:24.343Z] policy-update ad4d24d2: allowedTypes: [eval,data] → [eval,data,repo], approvalTypes: [write,repo,transform] → [write,transform], overnightMode: true → true
[2026-03-27T16:19:23.020Z] policy-update d060d557: allowedTypes: [eval,data] → [eval,data,transform], approvalTypes: [write,repo,transform] → [write,repo], overnightMode: true → true
[2026-03-27T16:19:57.633Z] policy-update da6f0527: allowedTypes: [eval,data] → [eval,data,transform], approvalTypes: [write,repo,transform] → [write,repo], overnightMode: true → true
[2026-03-27T16:20:04.761Z] policy-update aa4e1b4f: allowedTypes: [eval,data] → [eval,data,repo], approvalTypes: [write,repo,transform] → [write,transform], overnightMode: true → true
[2026-03-27T16:20:04.762Z] policy-update e4c7b2d1: allowedTypes: [eval,data] → [eval,data,transform], approvalTypes: [write,repo,transform] → [write,repo], overnightMode: true → true
[2026-03-27T16:20:04.762Z] policy-update 64d536ff: allowedTypes: [eval,data] → [eval,data], approvalTypes: [write,repo,transform] → [write,repo,transform], overnightMode: true → true | ERRORS: REJECTED: 'deploy' is in the immutable blocked list and cannot be promoted
[2026-03-27T16:20:04.763Z] policy-update cddde1d2: allowedTypes: [eval,data] → [eval,data], approvalTypes: [write,repo,transform] → [write,repo,transform], overnightMode: true → true | ERRORS: REJECTED: 'notify' is in the immutable blocked list and cannot be promoted
[2026-03-27T16:20:04.763Z] policy-update d8818e28: allowedTypes: [eval,data] → [eval,data], approvalTypes: [write,repo,transform] → [write,repo,transform], overnightMode: true → true | ERRORS: REJECTED: 'mystery_xyz' is not in approvalTypes — nothing to promote
[2026-03-27T16:20:04.763Z] policy-update 0d4eb637: allowedTypes: [eval,data] → [data], approvalTypes: [write,repo,transform] → [write,repo,transform,eval], overnightMode: true → true
[2026-03-27T16:20:04.764Z] policy-update 5172ed5f: allowedTypes: [eval,data] → [eval,data,repo], approvalTypes: [write,repo,transform] → [write,transform], overnightMode: true → true
[2026-03-27T16:20:04.766Z] policy-update ef799a75: allowedTypes: [eval,data] → [eval,data,write], approvalTypes: [write,repo,transform] → [repo,transform], overnightMode: true → true
[2026-03-27T16:20:05.333Z] policy-update 67c3792e: allowedTypes: [eval,data] → [eval,data,repo], approvalTypes: [write,repo,transform] → [write,transform], overnightMode: true → true
